Arguments: 
  /usr/bin/node /usr/bin/yarn add @type/tty-table

PATH: 
  /home/peter/.yarn/bin:/usr/local/bin:/usr/bin:/bin:/usr/local/sbin:/usr/lib/jvm/default/bin:/usr/bin/site_perl:/usr/bin/vendor_perl:/usr/bin/core_perl:/home/peter/Android/Sdk/tools:/home/peter/Android/Sdk/platform-tools:/mnt/d1898713-fcca-4901-bd67-7841d253b5e7/go/bin

Yarn version: 
  1.6.0

Node version: 
  10.0.0

Platform: 
  linux x64

Trace: 
  Error: https://registry.yarnpkg.com/@type%2ftty-table: Not found
      at Request.params.callback [as _callback] (/usr/lib/node_modules/yarn/lib/cli.js:65327:18)
      at Request.self.callback (/usr/lib/node_modules/yarn/lib/cli.js:133155:22)
      at Request.emit (events.js:182:13)
      at Request.<anonymous> (/usr/lib/node_modules/yarn/lib/cli.js:134138:10)
      at Request.emit (events.js:182:13)
      at IncomingMessage.<anonymous> (/usr/lib/node_modules/yarn/lib/cli.js:134058:12)
      at Object.onceWrapper (events.js:275:13)
      at IncomingMessage.emit (events.js:187:15)
      at endReadableNT (_stream_readable.js:1091:14)
      at process._tickCallback (internal/process/next_tick.js:174:19)

npm manifest: 
  {
    "name": "slcli",
    "version": "1.0.0",
    "description": "CLI for the Lua FaaS",
    "main": "dist/index.js",
    "license": "MIT",
    "dependencies": {
      "@types/axios": "^0.14.0",
      "@types/bluebird": "^3.5.20",
      "@types/commander": "^2.12.2",
      "@types/node": "^9.6.6",
      "@types/winston": "^2.3.9",
      "axios": "^0.18.0",
      "bluebird": "^3.5.1",
      "commander": "^2.15.1",
      "tty-table": "^2.6.2",
      "winston": "^2.4.2"
    }
  }

yarn manifest: 
  No manifest

Lockfile: 
  # THIS IS AN AUTOGENERATED FILE. DO NOT EDIT THIS FILE DIRECTLY.
  # yarn lockfile v1
  
  
  "@types/axios@^0.14.0":
    version "0.14.0"
    resolved "https://registry.yarnpkg.com/@types/axios/-/axios-0.14.0.tgz#ec2300fbe7d7dddd7eb9d3abf87999964cafce46"
    dependencies:
      axios "*"
  
  "@types/bluebird@^3.5.20":
    version "3.5.20"
    resolved "https://registry.yarnpkg.com/@types/bluebird/-/bluebird-3.5.20.tgz#f6363172add6f4eabb8cada53ca9af2781e8d6a1"
  
  "@types/commander@^2.12.2":
    version "2.12.2"
    resolved "https://registry.yarnpkg.com/@types/commander/-/commander-2.12.2.tgz#183041a23842d4281478fa5d23c5ca78e6fd08ae"
    dependencies:
      commander "*"
  
  "@types/node@*", "@types/node@^9.6.6":
    version "9.6.6"
    resolved "https://registry.yarnpkg.com/@types/node/-/node-9.6.6.tgz#439b91f9caf3983cad2eef1e11f6bedcbf9431d2"
  
  "@types/winston@^2.3.9":
    version "2.3.9"
    resolved "https://registry.yarnpkg.com/@types/winston/-/winston-2.3.9.tgz#1ff9f1bb57952fe3d88c1b21c4899ede316a35bc"
    dependencies:
      "@types/node" "*"
  
  ansi-regex@^2.0.0:
    version "2.1.1"
    resolved "https://registry.yarnpkg.com/ansi-regex/-/ansi-regex-2.1.1.tgz#c3b33ab5ee360d86e0e628f0468ae7ef27d654df"
  
  ansi-regex@^3.0.0:
    version "3.0.0"
    resolved "https://registry.yarnpkg.com/ansi-regex/-/ansi-regex-3.0.0.tgz#ed0317c322064f79466c02966bddb605ab37d998"
  
  ansi-styles@^3.2.1:
    version "3.2.1"
    resolved "https://registry.yarnpkg.com/ansi-styles/-/ansi-styles-3.2.1.tgz#41fbb20243e50b12be0f04b8dedbf07520ce841d"
    dependencies:
      color-convert "^1.9.0"
  
  async@~1.0.0:
    version "1.0.0"
    resolved "https://registry.yarnpkg.com/async/-/async-1.0.0.tgz#f8fc04ca3a13784ade9e1641af98578cfbd647a9"
  
  axios@*, axios@^0.18.0:
    version "0.18.0"
    resolved "https://registry.yarnpkg.com/axios/-/axios-0.18.0.tgz#32d53e4851efdc0a11993b6cd000789d70c05102"
    dependencies:
      follow-redirects "^1.3.0"
      is-buffer "^1.1.5"
  
  bluebird@^3.5.1:
    version "3.5.1"
    resolved "https://registry.yarnpkg.com/bluebird/-/bluebird-3.5.1.tgz#d9551f9de98f1fcda1e683d17ee91a0602ee2eb9"
  
  breakword@^1.0.3:
    version "1.0.3"
    resolved "https://registry.yarnpkg.com/breakword/-/breakword-1.0.3.tgz#71e091bbb78bb4ef003cf3ed2b2e062c6927f7dd"
    dependencies:
      wcwidth "^1.0.1"
  
  builtin-modules@^1.0.0:
    version "1.1.1"
    resolved "https://registry.yarnpkg.com/builtin-modules/-/builtin-modules-1.1.1.tgz#270f076c5a72c02f5b65a47df94c5fe3a278892f"
  
  camelcase@^4.1.0:
    version "4.1.0"
    resolved "https://registry.yarnpkg.com/camelcase/-/camelcase-4.1.0.tgz#d545635be1e33c542649c69173e5de6acfae34dd"
  
  chalk@^2.3.0:
    version "2.4.1"
    resolved "https://registry.yarnpkg.com/chalk/-/chalk-2.4.1.tgz#18c49ab16a037b6eb0152cc83e3471338215b66e"
    dependencies:
      ansi-styles "^3.2.1"
      escape-string-regexp "^1.0.5"
      supports-color "^5.3.0"
  
  cliui@^3.2.0:
    version "3.2.0"
    resolved "https://registry.yarnpkg.com/cliui/-/cliui-3.2.0.tgz#120601537a916d29940f934da3b48d585a39213d"
    dependencies:
      string-width "^1.0.1"
      strip-ansi "^3.0.1"
      wrap-ansi "^2.0.0"
  
  cliui@^4.0.0:
    version "4.1.0"
    resolved "https://registry.yarnpkg.com/cliui/-/cliui-4.1.0.tgz#348422dbe82d800b3022eef4f6ac10bf2e4d1b49"
    dependencies:
      string-width "^2.1.1"
      strip-ansi "^4.0.0"
      wrap-ansi "^2.0.0"
  
  clone@^1.0.2:
    version "1.0.4"
    resolved "https://registry.yarnpkg.com/clone/-/clone-1.0.4.tgz#da309cc263df15994c688ca902179ca3c7cd7c7e"
  
  code-point-at@^1.0.0:
    version "1.1.0"
    resolved "https://registry.yarnpkg.com/code-point-at/-/code-point-at-1.1.0.tgz#0d070b4d043a5bea33a2f1a40e2edb3d9a4ccf77"
  
  color-convert@^1.9.0:
    version "1.9.1"
    resolved "https://registry.yarnpkg.com/color-convert/-/color-convert-1.9.1.tgz#c1261107aeb2f294ebffec9ed9ecad529a6097ed"
    dependencies:
      color-name "^1.1.1"
  
  color-name@^1.1.1:
    version "1.1.3"
    resolved "https://registry.yarnpkg.com/color-name/-/color-name-1.1.3.tgz#a7d0558bd89c42f795dd42328f740831ca53bc25"
  
  colors@1.0.x:
    version "1.0.3"
    resolved "https://registry.yarnpkg.com/colors/-/colors-1.0.3.tgz#0433f44d809680fdeb60ed260f1b0c262e82a40b"
  
  commander@*, commander@^2.15.1:
    version "2.15.1"
    resolved "https://registry.yarnpkg.com/commander/-/commander-2.15.1.tgz#df46e867d0fc2aec66a34662b406a9ccafff5b0f"
  
  cross-spawn@^5.0.1:
    version "5.1.0"
    resolved "https://registry.yarnpkg.com/cross-spawn/-/cross-spawn-5.1.0.tgz#e8bd0efee58fcff6f8f94510a0a554bbfa235449"
    dependencies:
      lru-cache "^4.0.1"
      shebang-command "^1.2.0"
      which "^1.2.9"
  
  csv-generate@^2.0.2:
    version "2.0.2"
    resolved "https://registry.yarnpkg.com/csv-generate/-/csv-generate-2.0.2.tgz#1c26c52be318f1f0b6435f8df3d1249fb1503f4b"
  
  csv-parse@^2.2.0:
    version "2.2.0"
    resolved "https://registry.yarnpkg.com/csv-parse/-/csv-parse-2.2.0.tgz#478097dc731a0b665bc761344cad18507a359893"
  
  csv-stringify@^3.0.0:
    version "3.0.0"
    resolved "https://registry.yarnpkg.com/csv-stringify/-/csv-stringify-3.0.0.tgz#ed2b4eaae5a3be382309f7864168458970307d7f"
    dependencies:
      lodash.get "~4.4.2"
  
  csv@^3.0.2:
    version "3.0.2"
    resolved "https://registry.yarnpkg.com/csv/-/csv-3.0.2.tgz#3f29d92cd27c75e3ba21265b5cad29bd2d785358"
    dependencies:
      csv-generate "^2.0.2"
      csv-parse "^2.2.0"
      csv-stringify "^3.0.0"
      stream-transform "^1.0.2"
  
  cycle@1.0.x:
    version "1.0.3"
    resolved "https://registry.yarnpkg.com/cycle/-/cycle-1.0.3.tgz#21e80b2be8580f98b468f379430662b046c34ad2"
  
  debug@^3.1.0:
    version "3.1.0"
    resolved "https://registry.yarnpkg.com/debug/-/debug-3.1.0.tgz#5bb5a0672628b64149566ba16819e61518c67261"
    dependencies:
      ms "2.0.0"
  
  decamelize@^1.1.1:
    version "1.2.0"
    resolved "https://registry.yarnpkg.com/decamelize/-/decamelize-1.2.0.tgz#f6534d15148269b20352e7bee26f501f9a191290"
  
  defaults@^1.0.3:
    version "1.0.3"
    resolved "https://registry.yarnpkg.com/defaults/-/defaults-1.0.3.tgz#c656051e9817d9ff08ed881477f3fe4019f3ef7d"
    dependencies:
      clone "^1.0.2"
  
  error-ex@^1.2.0:
    version "1.3.1"
    resolved "https://registry.yarnpkg.com/error-ex/-/error-ex-1.3.1.tgz#f855a86ce61adc4e8621c3cda21e7a7612c3a8dc"
    dependencies:
      is-arrayish "^0.2.1"
  
  escape-string-regexp@^1.0.5:
    version "1.0.5"
    resolved "https://registry.yarnpkg.com/escape-string-regexp/-/escape-string-regexp-1.0.5.tgz#1b61c0562190a8dff6ae3bb2cf0200ca130b86d4"
  
  execa@^0.7.0:
    version "0.7.0"
    resolved "https://registry.yarnpkg.com/execa/-/execa-0.7.0.tgz#944becd34cc41ee32a63a9faf27ad5a65fc59777"
    dependencies:
      cross-spawn "^5.0.1"
      get-stream "^3.0.0"
      is-stream "^1.1.0"
      npm-run-path "^2.0.0"
      p-finally "^1.0.0"
      signal-exit "^3.0.0"
      strip-eof "^1.0.0"
  
  eyes@0.1.x:
    version "0.1.8"
    resolved "https://registry.yarnpkg.com/eyes/-/eyes-0.1.8.tgz#62cf120234c683785d902348a800ef3e0cc20bc0"
  
  find-up@^2.0.0, find-up@^2.1.0:
    version "2.1.0"
    resolved "https://registry.yarnpkg.com/find-up/-/find-up-2.1.0.tgz#45d1b7e506c717ddd482775a2b77920a3c0c57a7"
    dependencies:
      locate-path "^2.0.0"
  
  follow-redirects@^1.3.0:
    version "1.4.1"
    resolved "https://registry.yarnpkg.com/follow-redirects/-/follow-redirects-1.4.1.tgz#d8120f4518190f55aac65bb6fc7b85fcd666d6aa"
    dependencies:
      debug "^3.1.0"
  
  get-caller-file@^1.0.1:
    version "1.0.2"
    resolved "https://registry.yarnpkg.com/get-caller-file/-/get-caller-file-1.0.2.tgz#f702e63127e7e231c160a80c1554acb70d5047e5"
  
  get-stream@^3.0.0:
    version "3.0.0"
    resolved "https://registry.yarnpkg.com/get-stream/-/get-stream-3.0.0.tgz#8e943d1358dc37555054ecbe2edb05aa174ede14"
  
  graceful-fs@^4.1.2:
    version "4.1.11"
    resolved "https://registry.yarnpkg.com/graceful-fs/-/graceful-fs-4.1.11.tgz#0e8bdfe4d1ddb8854d64e04ea7c00e2a026e5658"
  
  has-flag@^3.0.0:
    version "3.0.0"
    resolved "https://registry.yarnpkg.com/has-flag/-/has-flag-3.0.0.tgz#b5d454dc2199ae225699f3467e5a07f3b955bafd"
  
  hosted-git-info@^2.1.4:
    version "2.6.0"
    resolved "https://registry.yarnpkg.com/hosted-git-info/-/hosted-git-info-2.6.0.tgz#23235b29ab230c576aab0d4f13fc046b0b038222"
  
  invert-kv@^1.0.0:
    version "1.0.0"
    resolved "https://registry.yarnpkg.com/invert-kv/-/invert-kv-1.0.0.tgz#104a8e4aaca6d3d8cd157a8ef8bfab2d7a3ffdb6"
  
  is-arrayish@^0.2.1:
    version "0.2.1"
    resolved "https://registry.yarnpkg.com/is-arrayish/-/is-arrayish-0.2.1.tgz#77c99840527aa8ecb1a8ba697b80645a7a926a9d"
  
  is-buffer@^1.1.5:
    version "1.1.6"
    resolved "https://registry.yarnpkg.com/is-buffer/-/is-buffer-1.1.6.tgz#efaa2ea9daa0d7ab2ea13a97b2b8ad51fefbe8be"
  
  is-builtin-module@^1.0.0:
    version "1.0.0"
    resolved "https://registry.yarnpkg.com/is-builtin-module/-/is-builtin-module-1.0.0.tgz#540572d34f7ac3119f8f76c30cbc1b1e037affbe"
    dependencies:
      builtin-modules "^1.0.0"
  
  is-fullwidth-code-point@^1.0.0:
    version "1.0.0"
    resolved "https://registry.yarnpkg.com/is-fullwidth-code-point/-/is-fullwidth-code-point-1.0.0.tgz#ef9e31386f031a7f0d643af82fde50c457ef00cb"
    dependencies:
      number-is-nan "^1.0.0"
  
  is-fullwidth-code-point@^2.0.0:
    version "2.0.0"
    resolved "https://registry.yarnpkg.com/is-fullwidth-code-point/-/is-fullwidth-code-point-2.0.0.tgz#a3b30a5c4f199183167aaab93beefae3ddfb654f"
  
  is-stream@^1.1.0:
    version "1.1.0"
    resolved "https://registry.yarnpkg.com/is-stream/-/is-stream-1.1.0.tgz#12d4a3dd4e68e0b79ceb8dbc84173ae80d91ca44"
  
  isexe@^2.0.0:
    version "2.0.0"
    resolved "https://registry.yarnpkg.com/isexe/-/isexe-2.0.0.tgz#e8fbf374dc556ff8947a10dcb0572d633f2cfa10"
  
  isstream@0.1.x:
    version "0.1.2"
    resolved "https://registry.yarnpkg.com/isstream/-/isstream-0.1.2.tgz#47e63f7af55afa6f92e1500e690eb8b8529c099a"
  
  lcid@^1.0.0:
    version "1.0.0"
    resolved "https://registry.yarnpkg.com/lcid/-/lcid-1.0.0.tgz#308accafa0bc483a3867b4b6f2b9506251d1b835"
    dependencies:
      invert-kv "^1.0.0"
  
  load-json-file@^2.0.0:
    version "2.0.0"
    resolved "https://registry.yarnpkg.com/load-json-file/-/load-json-file-2.0.0.tgz#7947e42149af80d696cbf797bcaabcfe1fe29ca8"
    dependencies:
      graceful-fs "^4.1.2"
      parse-json "^2.2.0"
      pify "^2.0.0"
      strip-bom "^3.0.0"
  
  locate-path@^2.0.0:
    version "2.0.0"
    resolved "https://registry.yarnpkg.com/locate-path/-/locate-path-2.0.0.tgz#2b568b265eec944c6d9c0de9c3dbbbca0354cd8e"
    dependencies:
      p-locate "^2.0.0"
      path-exists "^3.0.0"
  
  lodash.get@~4.4.2:
    version "4.4.2"
    resolved "https://registry.yarnpkg.com/lodash.get/-/lodash.get-4.4.2.tgz#2d177f652fa31e939b4438d5341499dfa3825e99"
  
  lru-cache@^4.0.1:
    version "4.1.2"
    resolved "https://registry.yarnpkg.com/lru-cache/-/lru-cache-4.1.2.tgz#45234b2e6e2f2b33da125624c4664929a0224c3f"
    dependencies:
      pseudomap "^1.0.2"
      yallist "^2.1.2"
  
  mem@^1.1.0:
    version "1.1.0"
    resolved "https://registry.yarnpkg.com/mem/-/mem-1.1.0.tgz#5edd52b485ca1d900fe64895505399a0dfa45f76"
    dependencies:
      mimic-fn "^1.0.0"
  
  merge@^1.2.0:
    version "1.2.0"
    resolved "https://registry.yarnpkg.com/merge/-/merge-1.2.0.tgz#7531e39d4949c281a66b8c5a6e0265e8b05894da"
  
  mimic-fn@^1.0.0:
    version "1.2.0"
    resolved "https://registry.yarnpkg.com/mimic-fn/-/mimic-fn-1.2.0.tgz#820c86a39334640e99516928bd03fca88057d022"
  
  ms@2.0.0:
    version "2.0.0"
    resolved "https://registry.yarnpkg.com/ms/-/ms-2.0.0.tgz#5608aeadfc00be6c2901df5f9861788de0d597c8"
  
  normalize-package-data@^2.3.2:
    version "2.4.0"
    resolved "https://registry.yarnpkg.com/normalize-package-data/-/normalize-package-data-2.4.0.tgz#12f95a307d58352075a04907b84ac8be98ac012f"
    dependencies:
      hosted-git-info "^2.1.4"
      is-builtin-module "^1.0.0"
      semver "2 || 3 || 4 || 5"
      validate-npm-package-license "^3.0.1"
  
  npm-run-path@^2.0.0:
    version "2.0.2"
    resolved "https://registry.yarnpkg.com/npm-run-path/-/npm-run-path-2.0.2.tgz#35a9232dfa35d7067b4cb2ddf2357b1871536c5f"
    dependencies:
      path-key "^2.0.0"
  
  number-is-nan@^1.0.0:
    version "1.0.1"
    resolved "https://registry.yarnpkg.com/number-is-nan/-/number-is-nan-1.0.1.tgz#097b602b53422a522c1afb8790318336941a011d"
  
  os-locale@^2.0.0:
    version "2.1.0"
    resolved "https://registry.yarnpkg.com/os-locale/-/os-locale-2.1.0.tgz#42bc2900a6b5b8bd17376c8e882b65afccf24bf2"
    dependencies:
      execa "^0.7.0"
      lcid "^1.0.0"
      mem "^1.1.0"
  
  p-finally@^1.0.0:
    version "1.0.0"
    resolved "https://registry.yarnpkg.com/p-finally/-/p-finally-1.0.0.tgz#3fbcfb15b899a44123b34b6dcc18b724336a2cae"
  
  p-limit@^1.1.0:
    version "1.2.0"
    resolved "https://registry.yarnpkg.com/p-limit/-/p-limit-1.2.0.tgz#0e92b6bedcb59f022c13d0f1949dc82d15909f1c"
    dependencies:
      p-try "^1.0.0"
  
  p-locate@^2.0.0:
    version "2.0.0"
    resolved "https://registry.yarnpkg.com/p-locate/-/p-locate-2.0.0.tgz#20a0103b222a70c8fd39cc2e580680f3dde5ec43"
    dependencies:
      p-limit "^1.1.0"
  
  p-try@^1.0.0:
    version "1.0.0"
    resolved "https://registry.yarnpkg.com/p-try/-/p-try-1.0.0.tgz#cbc79cdbaf8fd4228e13f621f2b1a237c1b207b3"
  
  parse-json@^2.2.0:
    version "2.2.0"
    resolved "https://registry.yarnpkg.com/parse-json/-/parse-json-2.2.0.tgz#f480f40434ef80741f8469099f8dea18f55a4dc9"
    dependencies:
      error-ex "^1.2.0"
  
  path-exists@^3.0.0:
    version "3.0.0"
    resolved "https://registry.yarnpkg.com/path-exists/-/path-exists-3.0.0.tgz#ce0ebeaa5f78cb18925ea7d810d7b59b010fd515"
  
  path-key@^2.0.0:
    version "2.0.1"
    resolved "https://registry.yarnpkg.com/path-key/-/path-key-2.0.1.tgz#411cadb574c5a140d3a4b1910d40d80cc9f40b40"
  
  path-type@^2.0.0:
    version "2.0.0"
    resolved "https://registry.yarnpkg.com/path-type/-/path-type-2.0.0.tgz#f012ccb8415b7096fc2daa1054c3d72389594c73"
    dependencies:
      pify "^2.0.0"
  
  pify@^2.0.0:
    version "2.3.0"
    resolved "https://registry.yarnpkg.com/pify/-/pify-2.3.0.tgz#ed141a6ac043a849ea588498e7dca8b15330e90c"
  
  pseudomap@^1.0.2:
    version "1.0.2"
    resolved "https://registry.yarnpkg.com/pseudomap/-/pseudomap-1.0.2.tgz#f052a28da70e618917ef0a8ac34c1ae5a68286b3"
  
  read-pkg-up@^2.0.0:
    version "2.0.0"
    resolved "https://registry.yarnpkg.com/read-pkg-up/-/read-pkg-up-2.0.0.tgz#6b72a8048984e0c41e79510fd5e9fa99b3b549be"
    dependencies:
      find-up "^2.0.0"
      read-pkg "^2.0.0"
  
  read-pkg@^2.0.0:
    version "2.0.0"
    resolved "https://registry.yarnpkg.com/read-pkg/-/read-pkg-2.0.0.tgz#8ef1c0623c6a6db0dc6713c4bfac46332b2368f8"
    dependencies:
      load-json-file "^2.0.0"
      normalize-package-data "^2.3.2"
      path-type "^2.0.0"
  
  require-directory@^2.1.1:
    version "2.1.1"
    resolved "https://registry.yarnpkg.com/require-directory/-/require-directory-2.1.1.tgz#8c64ad5fd30dab1c976e2344ffe7f792a6a6df42"
  
  require-main-filename@^1.0.1:
    version "1.0.1"
    resolved "https://registry.yarnpkg.com/require-main-filename/-/require-main-filename-1.0.1.tgz#97f717b69d48784f5f526a6c5aa8ffdda055a4d1"
  
  "semver@2 || 3 || 4 || 5":
    version "5.5.0"
    resolved "https://registry.yarnpkg.com/semver/-/semver-5.5.0.tgz#dc4bbc7a6ca9d916dee5d43516f0092b58f7b8ab"
  
  set-blocking@^2.0.0:
    version "2.0.0"
    resolved "https://registry.yarnpkg.com/set-blocking/-/set-blocking-2.0.0.tgz#045f9782d011ae9a6803ddd382b24392b3d890f7"
  
  shebang-command@^1.2.0:
    version "1.2.0"
    resolved "https://registry.yarnpkg.com/shebang-command/-/shebang-command-1.2.0.tgz#44aac65b695b03398968c39f363fee5deafdf1ea"
    dependencies:
      shebang-regex "^1.0.0"
  
  shebang-regex@^1.0.0:
    version "1.0.0"
    resolved "https://registry.yarnpkg.com/shebang-regex/-/shebang-regex-1.0.0.tgz#da42f49740c0b42db2ca9728571cb190c98efea3"
  
  signal-exit@^3.0.0:
    version "3.0.2"
    resolved "https://registry.yarnpkg.com/signal-exit/-/signal-exit-3.0.2.tgz#b5fdc08f1287ea1178628e415e25132b73646c6d"
  
  smartwrap@^1.0.9:
    version "1.0.9"
    resolved "https://registry.yarnpkg.com/smartwrap/-/smartwrap-1.0.9.tgz#7001aa8331482b6fc5021574d68ef04460bb21ca"
    dependencies:
      breakword "^1.0.3"
      merge "^1.2.0"
      wcwidth "^1.0.1"
      yargs "^8.0.1"
  
  spdx-correct@^3.0.0:
    version "3.0.0"
    resolved "https://registry.yarnpkg.com/spdx-correct/-/spdx-correct-3.0.0.tgz#05a5b4d7153a195bc92c3c425b69f3b2a9524c82"
    dependencies:
      spdx-expression-parse "^3.0.0"
      spdx-license-ids "^3.0.0"
  
  spdx-exceptions@^2.1.0:
    version "2.1.0"
    resolved "https://registry.yarnpkg.com/spdx-exceptions/-/spdx-exceptions-2.1.0.tgz#2c7ae61056c714a5b9b9b2b2af7d311ef5c78fe9"
  
  spdx-expression-parse@^3.0.0:
    version "3.0.0"
    resolved "https://registry.yarnpkg.com/spdx-expression-parse/-/spdx-expression-parse-3.0.0.tgz#99e119b7a5da00e05491c9fa338b7904823b41d0"
    dependencies:
      spdx-exceptions "^2.1.0"
      spdx-license-ids "^3.0.0"
  
  spdx-license-ids@^3.0.0:
    version "3.0.0"
    resolved "https://registry.yarnpkg.com/spdx-license-ids/-/spdx-license-ids-3.0.0.tgz#7a7cd28470cc6d3a1cfe6d66886f6bc430d3ac87"
  
  stack-trace@0.0.x:
    version "0.0.10"
    resolved "https://registry.yarnpkg.com/stack-trace/-/stack-trace-0.0.10.tgz#547c70b347e8d32b4e108ea1a2a159e5fdde19c0"
  
  stream-transform@^1.0.2:
    version "1.0.2"
    resolved "https://registry.yarnpkg.com/stream-transform/-/stream-transform-1.0.2.tgz#47de4d15fbc29b7e2a7e54d25e99538876f114c1"
  
  string-width@^1.0.1:
    version "1.0.2"
    resolved "https://registry.yarnpkg.com/string-width/-/string-width-1.0.2.tgz#118bdf5b8cdc51a2a7e70d211e07e2b0b9b107d3"
    dependencies:
      code-point-at "^1.0.0"
      is-fullwidth-code-point "^1.0.0"
      strip-ansi "^3.0.0"
  
  string-width@^2.0.0, string-width@^2.1.1:
    version "2.1.1"
    resolved "https://registry.yarnpkg.com/string-width/-/string-width-2.1.1.tgz#ab93f27a8dc13d28cac815c462143a6d9012ae9e"
    dependencies:
      is-fullwidth-code-point "^2.0.0"
      strip-ansi "^4.0.0"
  
  strip-ansi@^3.0.0, strip-ansi@^3.0.1:
    version "3.0.1"
    resolved "https://registry.yarnpkg.com/strip-ansi/-/strip-ansi-3.0.1.tgz#6a385fb8853d952d5ff05d0e8aaf94278dc63dcf"
    dependencies:
      ansi-regex "^2.0.0"
  
  strip-ansi@^4.0.0:
    version "4.0.0"
    resolved "https://registry.yarnpkg.com/strip-ansi/-/strip-ansi-4.0.0.tgz#a8479022eb1ac368a871389b635262c505ee368f"
    dependencies:
      ansi-regex "^3.0.0"
  
  strip-bom@^3.0.0:
    version "3.0.0"
    resolved "https://registry.yarnpkg.com/strip-bom/-/strip-bom-3.0.0.tgz#2334c18e9c759f7bdd56fdef7e9ae3d588e68ed3"
  
  strip-eof@^1.0.0:
    version "1.0.0"
    resolved "https://registry.yarnpkg.com/strip-eof/-/strip-eof-1.0.0.tgz#bb43ff5598a6eb05d89b59fcd129c983313606bf"
  
  supports-color@^5.3.0:
    version "5.4.0"
    resolved "https://registry.yarnpkg.com/supports-color/-/supports-color-5.4.0.tgz#1c6b337402c2137605efe19f10fec390f6faab54"
    dependencies:
      has-flag "^3.0.0"
  
  tty-table@^2.6.2:
    version "2.6.2"
    resolved "https://registry.yarnpkg.com/tty-table/-/tty-table-2.6.2.tgz#f6082d41d44a01df4ddf9e4911681fcec3c8a5a8"
    dependencies:
      chalk "^2.3.0"
      csv "^3.0.2"
      merge "^1.2.0"
      smartwrap "^1.0.9"
      strip-ansi "^4.0.0"
      wcwidth "^1.0.1"
      yargs "^11.0.0"
  
  validate-npm-package-license@^3.0.1:
    version "3.0.3"
    resolved "https://registry.yarnpkg.com/validate-npm-package-license/-/validate-npm-package-license-3.0.3.tgz#81643bcbef1bdfecd4623793dc4648948ba98338"
    dependencies:
      spdx-correct "^3.0.0"
      spdx-expression-parse "^3.0.0"
  
  wcwidth@^1.0.1:
    version "1.0.1"
    resolved "https://registry.yarnpkg.com/wcwidth/-/wcwidth-1.0.1.tgz#f0b0dcf915bc5ff1528afadb2c0e17b532da2fe8"
    dependencies:
      defaults "^1.0.3"
  
  which-module@^2.0.0:
    version "2.0.0"
    resolved "https://registry.yarnpkg.com/which-module/-/which-module-2.0.0.tgz#d9ef07dce77b9902b8a3a8fa4b31c3e3f7e6e87a"
  
  which@^1.2.9:
    version "1.3.0"
    resolved "https://registry.yarnpkg.com/which/-/which-1.3.0.tgz#ff04bdfc010ee547d780bec38e1ac1c2777d253a"
    dependencies:
      isexe "^2.0.0"
  
  winston@^2.4.2:
    version "2.4.2"
    resolved "https://registry.yarnpkg.com/winston/-/winston-2.4.2.tgz#3ca01f763116fc48db61053b7544e750431f8db0"
    dependencies:
      async "~1.0.0"
      colors "1.0.x"
      cycle "1.0.x"
      eyes "0.1.x"
      isstream "0.1.x"
      stack-trace "0.0.x"
  
  wrap-ansi@^2.0.0:
    version "2.1.0"
    resolved "https://registry.yarnpkg.com/wrap-ansi/-/wrap-ansi-2.1.0.tgz#d8fc3d284dd05794fe84973caecdd1cf824fdd85"
    dependencies:
      string-width "^1.0.1"
      strip-ansi "^3.0.1"
  
  y18n@^3.2.1:
    version "3.2.1"
    resolved "https://registry.yarnpkg.com/y18n/-/y18n-3.2.1.tgz#6d15fba884c08679c0d77e88e7759e811e07fa41"
  
  yallist@^2.1.2:
    version "2.1.2"
    resolved "https://registry.yarnpkg.com/yallist/-/yallist-2.1.2.tgz#1c11f9218f076089a47dd512f93c6699a6a81d52"
  
  yargs-parser@^7.0.0:
    version "7.0.0"
    resolved "https://registry.yarnpkg.com/yargs-parser/-/yargs-parser-7.0.0.tgz#8d0ac42f16ea55debd332caf4c4038b3e3f5dfd9"
    dependencies:
      camelcase "^4.1.0"
  
  yargs-parser@^9.0.2:
    version "9.0.2"
    resolved "https://registry.yarnpkg.com/yargs-parser/-/yargs-parser-9.0.2.tgz#9ccf6a43460fe4ed40a9bb68f48d43b8a68cc077"
    dependencies:
      camelcase "^4.1.0"
  
  yargs@^11.0.0:
    version "11.0.0"
    resolved "https://registry.yarnpkg.com/yargs/-/yargs-11.0.0.tgz#c052931006c5eee74610e5fc0354bedfd08a201b"
    dependencies:
      cliui "^4.0.0"
      decamelize "^1.1.1"
      find-up "^2.1.0"
      get-caller-file "^1.0.1"
      os-locale "^2.0.0"
      require-directory "^2.1.1"
      require-main-filename "^1.0.1"
      set-blocking "^2.0.0"
      string-width "^2.0.0"
      which-module "^2.0.0"
      y18n "^3.2.1"
      yargs-parser "^9.0.2"
  
  yargs@^8.0.1:
    version "8.0.2"
    resolved "https://registry.yarnpkg.com/yargs/-/yargs-8.0.2.tgz#6299a9055b1cefc969ff7e79c1d918dceb22c360"
    dependencies:
      camelcase "^4.1.0"
      cliui "^3.2.0"
      decamelize "^1.1.1"
      get-caller-file "^1.0.1"
      os-locale "^2.0.0"
      read-pkg-up "^2.0.0"
      require-directory "^2.1.1"
      require-main-filename "^1.0.1"
      set-blocking "^2.0.0"
      string-width "^2.0.0"
      which-module "^2.0.0"
      y18n "^3.2.1"
      yargs-parser "^7.0.0"
